<?xml version="1.0" encoding="UTF-8" ?>
<testsuite tests="6" failures="0" name="DivisionServletTest" time="0.004" errors="0" skipped="0">
  <properties>
[...]
</properties>
  <testcase classname="DivisionServletTest" name="divideTwoNumbers_NumbersNotDivisible_DecimalOutput" time="0"/>
  <testcase classname="DivisionServletTest" name="testDoGet_PositiveInputs_PositiveOutputs" time="0.004"/>
  <testcase classname="DivisionServletTest" name="divideTwoNumbers_NegativeInputs_PositiveOutput" time="0"/>
  <testcase classname="DivisionServletTest" name="divideTwoNumbers_PositiveAndNegative_NegativeOutput" time="0"/>
  <testcase classname="DivisionServletTest" name="divideTwoNumbers_NegativeAndPositive_NegativeOutput" time="0"/>
  <testcase classname="DivisionServletTest" name="divideTwoNumbers_NumbersDivisible_IntegerOutput" time="0"/>
</testsuite>